<?xml version="1.0" encoding="UTF-8"?>
<!-- Generated by org.testng.reporters.JUnitReportReporter -->
<testsuite skipped="0" hostname="DESKTOP-D7CO05A" name="TestPage.DressPageTest" tests="1" failures="0" timestamp="05 Jan 2020 05:33:36 GMT" time="3.893" errors="0">
  <testcase name="verifySsize" time="3.893" classname="TestPage.DressPageTest"/>
</testsuite> <!-- TestPage.DressPageTest -->
