<?xml version="1.0" encoding="UTF-8"?>
<!-- Generated by org.testng.reporters.JUnitReportReporter -->
<testsuite hostname="DESKTOP-D7CO05A" name="TestPage.DressPageTest" tests="1" failures="0" timestamp="5 Jan 2020 05:44:32 GMT" time="4.388" errors="0">
  <testcase name="verifySsize" time="4.388" classname="TestPage.DressPageTest"/>
</testsuite> <!-- TestPage.DressPageTest -->
