<?xml version="1.0" encoding="UTF-8"?>
<!-- Generated by org.testng.reporters.JUnitReportReporter -->
<testsuite hostname="DESKTOP-D7CO05A" name="TestPage.HomePageTest" tests="1" failures="0" timestamp="5 Jan 2020 05:44:32 GMT" time="5.938" errors="0">
  <testcase name="verifyWomenTag" time="5.938" classname="TestPage.HomePageTest"/>
</testsuite> <!-- TestPage.HomePageTest -->
